01:11:17.094 karate.env system property was:  
01:11:17.377 request:
1 > GET https://gorest.co.in/public-api/users/726
1 > Accept-Encoding: gzip,deflate
1 > Connection: Keep-Alive
1 > Host: gorest.co.in
1 > User-Agent: Apache-HttpClient/4.5.12 (Java/14.0.2)

01:11:18.676 response time in milliseconds: 1296.69
1 < 200
1 < Cache-Control: max-age=0, private, must-revalidate
1 < Connection: keep-alive
1 < Content-Type: application/json; charset=utf-8
1 < Date: Mon, 28 Dec 2020 23:11:18 GMT
1 < ETag: W/"421c1c80538d211b1f36375233f98078"
1 < Expect-CT: enforce; max-age=3600
1 < Referrer-Policy: strict-origin-when-cross-origin
1 < Server: nginx
1 < Strict-Transport-Security: max-age=31536000; includeSubDomains
1 < Transfer-Encoding: chunked
1 < Vary: [Accept-Encoding, Origin]
1 < X-Content-Type-Options: nosniff
1 < X-Download-Options: noopen
1 < X-Frame-Options: [SAMEORIGIN, sameorigin]
1 < X-Permitted-Cross-Domain-Policies: none
1 < X-Request-Id: 55b223de-f599-4287-8f64-03086370abd0
1 < X-Runtime: 0.002177
1 < X-XSS-Protection: 1; mode=block
{"code":200,"meta":null,"data":{"id":726,"name":"Vimala Varma","email":"varma_vimala@lowe.org","gender":"Male","status":"Inactive","created_at":"2020-12-29T03:50:16.212+05:30","updated_at":"2020-12-29T03:50:16.212+05:30"}}

